<?xml version="1.0" encoding="UTF-8"?>
<testng-results ignored="0" total="1" passed="1" failed="0" skipped="0">
  <reporter-output>
  </reporter-output>
  <suite started-at="2023-01-12T19:26:28 EET" name="Default suite" finished-at="2023-01-12T19:26:32 EET" duration-ms="3575">
    <groups>
    </groups>
    <test started-at="2023-01-12T19:26:28 EET" name="Default test" finished-at="2023-01-12T19:26:32 EET" duration-ms="3575">
      <class name="com.easyrestaurant.tests.FirstTest">
        <test-method signature="test()[pri:1, instance:com.easyrestaurant.tests.FirstTest@1b2abca6]" started-at="2023-01-12T19:26:28 EET" name="test" finished-at="2023-01-12T19:26:31 EET" duration-ms="3553" status="PASS">
          <reporter-output>
          </reporter-output>
        </test-method> <!-- test -->
      </class> <!-- com.easyrestaurant.tests.FirstTest -->
    </test> <!-- Default test -->
  </suite> <!-- Default suite -->
</testng-results>
